
[2015-03-17 09:17:47] Beginning TopHat run (v2.0.11)
-----------------------------------------------
[2015-03-17 09:17:47] Checking for Bowtie
		  Bowtie version:	 2.2.1.0
[2015-03-17 09:17:47] Checking for Samtools
		Samtools version:	 0.1.19.0
[2015-03-17 09:17:47] Checking for Bowtie index files (genome)..
[2015-03-17 09:17:47] Checking for reference FASTA file
[2015-03-17 09:17:47] Generating SAM header for /home/goncalo/Code/annotations/chr4
[2015-03-17 09:17:47] Preparing reads
	 left reads: min. length=74, max. length=74, 66744 kept reads (343 discarded)
[2015-03-17 09:17:48] Mapping left_kept_reads to genome chr4 with Bowtie2 
[2015-03-17 09:18:16] Mapping left_kept_reads_seg1 to genome chr4 with Bowtie2 (1/3)
[2015-03-17 09:18:18] Mapping left_kept_reads_seg2 to genome chr4 with Bowtie2 (2/3)
[2015-03-17 09:18:19] Mapping left_kept_reads_seg3 to genome chr4 with Bowtie2 (3/3)
[2015-03-17 09:18:21] Searching for junctions via segment mapping
[2015-03-17 09:18:26] Retrieving sequences for splices
[2015-03-17 09:18:32] Indexing splices
[2015-03-17 09:18:32] Mapping left_kept_reads_seg1 to genome segment_juncs with Bowtie2 (1/3)
[2015-03-17 09:18:32] Mapping left_kept_reads_seg2 to genome segment_juncs with Bowtie2 (2/3)
[2015-03-17 09:18:32] Mapping left_kept_reads_seg3 to genome segment_juncs with Bowtie2 (3/3)
[2015-03-17 09:18:33] Joining segment hits
[2015-03-17 09:18:38] Reporting output tracks
-----------------------------------------------
[2015-03-17 09:18:45] A summary of the alignment counts can be found in ctl1/align_summary.txt
[2015-03-17 09:18:45] Run complete: 00:00:58 elapsed
