
[2015-03-17 09:30:11] Beginning TopHat run (v2.0.11)
-----------------------------------------------
[2015-03-17 09:30:11] Checking for Bowtie
		  Bowtie version:	 2.2.1.0
[2015-03-17 09:30:11] Checking for Samtools
		Samtools version:	 0.1.19.0
[2015-03-17 09:30:11] Checking for Bowtie index files (genome)..
[2015-03-17 09:30:11] Checking for reference FASTA file
[2015-03-17 09:30:11] Generating SAM header for /home/goncalo/Code/annotations/chr4
[2015-03-17 09:30:12] Preparing reads
	 left reads: min. length=74, max. length=74, 140420 kept reads (590 discarded)
[2015-03-17 09:30:13] Mapping left_kept_reads to genome chr4 with Bowtie2 
[2015-03-17 09:30:55] Mapping left_kept_reads_seg1 to genome chr4 with Bowtie2 (1/3)
[2015-03-17 09:30:58] Mapping left_kept_reads_seg2 to genome chr4 with Bowtie2 (2/3)
[2015-03-17 09:31:01] Mapping left_kept_reads_seg3 to genome chr4 with Bowtie2 (3/3)
[2015-03-17 09:31:04] Searching for junctions via segment mapping
[2015-03-17 09:31:12] Retrieving sequences for splices
[2015-03-17 09:31:18] Indexing splices
[2015-03-17 09:31:18] Mapping left_kept_reads_seg1 to genome segment_juncs with Bowtie2 (1/3)
[2015-03-17 09:31:19] Mapping left_kept_reads_seg2 to genome segment_juncs with Bowtie2 (2/3)
[2015-03-17 09:31:20] Mapping left_kept_reads_seg3 to genome segment_juncs with Bowtie2 (3/3)
[2015-03-17 09:31:20] Joining segment hits
[2015-03-17 09:31:26] Reporting output tracks
-----------------------------------------------
[2015-03-17 09:31:37] A summary of the alignment counts can be found in uvb3/align_summary.txt
[2015-03-17 09:31:37] Run complete: 00:01:25 elapsed
