
[2015-03-17 09:22:22] Beginning TopHat run (v2.0.11)
-----------------------------------------------
[2015-03-17 09:22:22] Checking for Bowtie
		  Bowtie version:	 2.2.1.0
[2015-03-17 09:22:22] Checking for Samtools
		Samtools version:	 0.1.19.0
[2015-03-17 09:22:22] Checking for Bowtie index files (genome)..
[2015-03-17 09:22:22] Checking for reference FASTA file
[2015-03-17 09:22:22] Generating SAM header for /home/goncalo/Code/annotations/chr4
[2015-03-17 09:22:24] Preparing reads
	 left reads: min. length=74, max. length=74, 72569 kept reads (398 discarded)
[2015-03-17 09:22:25] Mapping left_kept_reads to genome chr4 with Bowtie2 
[2015-03-17 09:22:58] Mapping left_kept_reads_seg1 to genome chr4 with Bowtie2 (1/3)
[2015-03-17 09:23:00] Mapping left_kept_reads_seg2 to genome chr4 with Bowtie2 (2/3)
[2015-03-17 09:23:03] Mapping left_kept_reads_seg3 to genome chr4 with Bowtie2 (3/3)
[2015-03-17 09:23:05] Searching for junctions via segment mapping
[2015-03-17 09:23:11] Retrieving sequences for splices
[2015-03-17 09:23:17] Indexing splices
[2015-03-17 09:23:17] Mapping left_kept_reads_seg1 to genome segment_juncs with Bowtie2 (1/3)
[2015-03-17 09:23:17] Mapping left_kept_reads_seg2 to genome segment_juncs with Bowtie2 (2/3)
[2015-03-17 09:23:17] Mapping left_kept_reads_seg3 to genome segment_juncs with Bowtie2 (3/3)
[2015-03-17 09:23:18] Joining segment hits
[2015-03-17 09:23:23] Reporting output tracks
-----------------------------------------------
[2015-03-17 09:23:30] A summary of the alignment counts can be found in ctl3/align_summary.txt
[2015-03-17 09:23:30] Run complete: 00:01:08 elapsed
