
[2015-03-17 09:27:29] Beginning TopHat run (v2.0.11)
-----------------------------------------------
[2015-03-17 09:27:29] Checking for Bowtie
		  Bowtie version:	 2.2.1.0
[2015-03-17 09:27:29] Checking for Samtools
		Samtools version:	 0.1.19.0
[2015-03-17 09:27:29] Checking for Bowtie index files (genome)..
[2015-03-17 09:27:29] Checking for reference FASTA file
[2015-03-17 09:27:29] Generating SAM header for /home/goncalo/Code/annotations/chr4
[2015-03-17 09:27:29] Preparing reads
	 left reads: min. length=74, max. length=74, 139935 kept reads (903 discarded)
[2015-03-17 09:27:31] Mapping left_kept_reads to genome chr4 with Bowtie2 
[2015-03-17 09:28:18] Mapping left_kept_reads_seg1 to genome chr4 with Bowtie2 (1/3)
[2015-03-17 09:28:22] Mapping left_kept_reads_seg2 to genome chr4 with Bowtie2 (2/3)
[2015-03-17 09:28:27] Mapping left_kept_reads_seg3 to genome chr4 with Bowtie2 (3/3)
[2015-03-17 09:28:31] Searching for junctions via segment mapping
[2015-03-17 09:28:39] Retrieving sequences for splices
[2015-03-17 09:28:44] Indexing splices
[2015-03-17 09:28:45] Mapping left_kept_reads_seg1 to genome segment_juncs with Bowtie2 (1/3)
[2015-03-17 09:28:45] Mapping left_kept_reads_seg2 to genome segment_juncs with Bowtie2 (2/3)
[2015-03-17 09:28:46] Mapping left_kept_reads_seg3 to genome segment_juncs with Bowtie2 (3/3)
[2015-03-17 09:28:46] Joining segment hits
[2015-03-17 09:28:53] Reporting output tracks
-----------------------------------------------
[2015-03-17 09:29:03] A summary of the alignment counts can be found in uvb2/align_summary.txt
[2015-03-17 09:29:03] Run complete: 00:01:33 elapsed
