
[2015-03-17 09:24:34] Beginning TopHat run (v2.0.11)
-----------------------------------------------
[2015-03-17 09:24:34] Checking for Bowtie
		  Bowtie version:	 2.2.1.0
[2015-03-17 09:24:34] Checking for Samtools
		Samtools version:	 0.1.19.0
[2015-03-17 09:24:34] Checking for Bowtie index files (genome)..
[2015-03-17 09:24:34] Checking for reference FASTA file
[2015-03-17 09:24:34] Generating SAM header for /home/goncalo/Code/annotations/chr4
[2015-03-17 09:24:34] Preparing reads
	 left reads: min. length=74, max. length=74, 152151 kept reads (949 discarded)
[2015-03-17 09:24:36] Mapping left_kept_reads to genome chr4 with Bowtie2 
[2015-03-17 09:25:33] Mapping left_kept_reads_seg1 to genome chr4 with Bowtie2 (1/3)
[2015-03-17 09:25:37] Mapping left_kept_reads_seg2 to genome chr4 with Bowtie2 (2/3)
[2015-03-17 09:25:41] Mapping left_kept_reads_seg3 to genome chr4 with Bowtie2 (3/3)
[2015-03-17 09:25:45] Searching for junctions via segment mapping
[2015-03-17 09:25:53] Retrieving sequences for splices
[2015-03-17 09:25:58] Indexing splices
[2015-03-17 09:25:58] Mapping left_kept_reads_seg1 to genome segment_juncs with Bowtie2 (1/3)
[2015-03-17 09:25:59] Mapping left_kept_reads_seg2 to genome segment_juncs with Bowtie2 (2/3)
[2015-03-17 09:26:00] Mapping left_kept_reads_seg3 to genome segment_juncs with Bowtie2 (3/3)
[2015-03-17 09:26:00] Joining segment hits
[2015-03-17 09:26:06] Reporting output tracks
-----------------------------------------------
[2015-03-17 09:26:18] A summary of the alignment counts can be found in uvb1/align_summary.txt
[2015-03-17 09:26:18] Run complete: 00:01:43 elapsed
