
[2015-03-17 09:19:52] Beginning TopHat run (v2.0.11)
-----------------------------------------------
[2015-03-17 09:19:52] Checking for Bowtie
		  Bowtie version:	 2.2.1.0
[2015-03-17 09:19:52] Checking for Samtools
		Samtools version:	 0.1.19.0
[2015-03-17 09:19:52] Checking for Bowtie index files (genome)..
[2015-03-17 09:19:52] Checking for reference FASTA file
[2015-03-17 09:19:52] Generating SAM header for /home/goncalo/Code/annotations/chr4
[2015-03-17 09:19:52] Preparing reads
	 left reads: min. length=74, max. length=74, 75712 kept reads (299 discarded)
[2015-03-17 09:19:53] Mapping left_kept_reads to genome chr4 with Bowtie2 
[2015-03-17 09:20:34] Mapping left_kept_reads_seg1 to genome chr4 with Bowtie2 (1/3)
[2015-03-17 09:20:36] Mapping left_kept_reads_seg2 to genome chr4 with Bowtie2 (2/3)
[2015-03-17 09:20:39] Mapping left_kept_reads_seg3 to genome chr4 with Bowtie2 (3/3)
[2015-03-17 09:20:43] Searching for junctions via segment mapping
[2015-03-17 09:20:54] Retrieving sequences for splices
[2015-03-17 09:21:01] Indexing splices
[2015-03-17 09:21:01] Mapping left_kept_reads_seg1 to genome segment_juncs with Bowtie2 (1/3)
[2015-03-17 09:21:02] Mapping left_kept_reads_seg2 to genome segment_juncs with Bowtie2 (2/3)
[2015-03-17 09:21:02] Mapping left_kept_reads_seg3 to genome segment_juncs with Bowtie2 (3/3)
[2015-03-17 09:21:02] Joining segment hits
[2015-03-17 09:21:10] Reporting output tracks
-----------------------------------------------
[2015-03-17 09:21:18] A summary of the alignment counts can be found in ctl2/align_summary.txt
[2015-03-17 09:21:18] Run complete: 00:01:25 elapsed
